<?xml version="1.0" encoding="UTF-8" ?>
<testsuites>
  <testsuite errors="0" failures="0" hostname="steven-N56VJ" id="0" name="ModelTest" package="ca.mcgill.ecse321.scorekeeper.model_test" skipped="0" tests="5" time="0.217" timestamp="2015-12-04T21:17:54">
      <properties>
[...]
</properties>

      <testcase classname="ca.mcgill.ecse321.scorekeeper.model_test.ModelTest" name="infractionTest" time="0.01" />

      <testcase classname="ca.mcgill.ecse321.scorekeeper.model_test.ModelTest" name="setupTest" time="0.0" />

      <testcase classname="ca.mcgill.ecse321.scorekeeper.model_test.ModelTest" name="sortTest" time="0.001" />

      <testcase classname="ca.mcgill.ecse321.scorekeeper.model_test.ModelTest" name="goalTest" time="0.0" />

      <testcase classname="ca.mcgill.ecse321.scorekeeper.model_test.ModelTest" name="persistenceTest" time="0.138" />

      <system-out />

      <system-err />

  </testsuite>
</testsuites>
